[1127/111755.143:ERROR:process_reader_win.cc(151)] SuspendThread: Access is denied. (0x5)
[1127/111755.145:ERROR:process_reader_win.cc(151)] SuspendThread: Access is denied. (0x5)
[1127/111755.145:ERROR:process_reader_win.cc(151)] SuspendThread: Access is denied. (0x5)
[1127/111755.146:ERROR:exception_snapshot_win.cc(98)] thread ID 1496 not found in process
[1127/111902.498:ERROR:process_memory_win.cc(73)] ReadMemory at 0x7ff6736a0000 of 64 bytes failed: Only part of a ReadProcessMemory or WriteProcessMemory request was completed. (0x12B)
[1127/111902.502:WARNING:pe_image_reader.cc(340)] could not read dos header from C:\Program Files (x86)\Google\Chrome\Application\chrome.exe
[1127/111902.502:ERROR:process_memory_win.cc(73)] ReadMemory at 0x207f6ce4c20 of 72 bytes failed: Only part of a ReadProcessMemory or WriteProcessMemory request was completed. (0x12B)
[1127/111902.503:WARNING:pe_image_annotations_reader.cc(134)] could not read annotations list object in C:\Program Files (x86)\Google\Chrome\Application\78.0.3904.108\chrome_elf.dll
[1127/111902.503:ERROR:process_memory_win.cc(73)] ReadMemory at 0x7ff8dc370000 of 64 bytes failed: Only part of a ReadProcessMemory or WriteProcessMemory request was completed. (0x12B)
[1127/111902.503:WARNING:pe_image_reader.cc(340)] could not read dos header from C:\Program Files (x86)\Google\Chrome\Application\78.0.3904.108\chrome_child.dll
[1127/111902.505:ERROR:process_memory_win.cc(73)] ReadMemory at 0x207f6db0000 of 64 bytes failed: Only part of a ReadProcessMemory or WriteProcessMemory request was completed. (0x12B)
[1127/111902.505:WARNING:pe_image_reader.cc(340)] could not read dos header from C:\Windows\System32\IMM32.DLL
[1127/111902.506:ERROR:process_memory_win.cc(73)] ReadMemory at 0x7ff6736a0000 of 64 bytes failed: Only part of a ReadProcessMemory or WriteProcessMemory request was completed. (0x12B)
[1127/111902.506:WARNING:pe_image_reader.cc(340)] could not read dos header from C:\Program Files (x86)\Google\Chrome\Application\chrome.exe
[1127/111902.506:ERROR:process_memory_win.cc(73)] ReadMemory at 0x207f6ce4c20 of 72 bytes failed: Only part of a ReadProcessMemory or WriteProcessMemory request was completed. (0x12B)
[1127/111902.506:WARNING:pe_image_annotations_reader.cc(134)] could not read annotations list object in C:\Program Files (x86)\Google\Chrome\Application\78.0.3904.108\chrome_elf.dll
[1127/111902.507:ERROR:process_memory_win.cc(73)] ReadMemory at 0x7ff8dc370000 of 64 bytes failed: Only part of a ReadProcessMemory or WriteProcessMemory request was completed. (0x12B)
[1127/111902.507:WARNING:pe_image_reader.cc(340)] could not read dos header from C:\Program Files (x86)\Google\Chrome\Application\78.0.3904.108\chrome_child.dll
[1127/111902.508:ERROR:process_memory_win.cc(73)] ReadMemory at 0x7ff8f80f0000 of 64 bytes failed: Only part of a ReadProcessMemory or WriteProcessMemory request was completed. (0x12B)
[1127/111902.508:WARNING:pe_image_reader.cc(340)] could not read dos header from C:\Windows\SYSTEM32\DWrite.dll
[1127/111902.508:ERROR:process_memory_win.cc(73)] ReadMemory at 0x7ff8f1b20000 of 64 bytes failed: Only part of a ReadProcessMemory or WriteProcessMemory request was completed. (0x12B)
[1127/111902.508:WARNING:pe_image_reader.cc(340)] could not read dos header from C:\Windows\SYSTEM32\WINSPOOL.DRV
[1127/111902.508:ERROR:process_memory_win.cc(73)] ReadMemory at 0x7ff8fea60000 of 64 bytes failed: Only part of a ReadProcessMemory or WriteProcessMemory request was completed. (0x12B)
[1127/111902.508:WARNING:pe_image_reader.cc(340)] could not read dos header from C:\Windows\SYSTEM32\dbghelp.dll
[1127/111902.508:ERROR:process_memory_win.cc(73)] ReadMemory at 0x7ff9016b0000 of 64 bytes failed: Only part of a ReadProcessMemory or WriteProcessMemory request was completed. (0x12B)
[1127/111902.509:WARNING:pe_image_reader.cc(340)] could not read dos header from C:\Windows\SYSTEM32\Secur32.dll
[1127/111902.509:ERROR:process_memory_win.cc(73)] ReadMemory at 0x7ff905ad0000 of 64 bytes failed: Only part of a ReadProcessMemory or WriteProcessMemory request was completed. (0x12B)
[1127/111902.509:WARNING:pe_image_reader.cc(340)] could not read dos header from C:\Windows\SYSTEM32\WINHTTP.dll
[1127/111902.509:ERROR:process_memory_win.cc(73)] ReadMemory at 0x7ff9064e0000 of 64 bytes failed: Only part of a ReadProcessMemory or WriteProcessMemory request was completed. (0x12B)
[1127/111902.509:WARNING:pe_image_reader.cc(340)] could not read dos header from C:\Windows\SYSTEM32\dhcpcsvc.DLL
[1127/111902.509:ERROR:process_memory_win.cc(73)] ReadMemory at 0x7ff90acb0000 of 64 bytes failed: Only part of a ReadProcessMemory or WriteProcessMemory request was completed. (0x12B)
[1127/111902.509:WARNING:pe_image_reader.cc(340)] could not read dos header from C:\Windows\SYSTEM32\WINMMBASE.dll
[1127/111902.509:ERROR:process_memory_win.cc(73)] ReadMemory at 0x7ff90d190000 of 64 bytes failed: Only part of a ReadProcessMemory or WriteProcessMemory request was completed. (0x12B)
[1127/111902.509:WARNING:pe_image_reader.cc(340)] could not read dos header from C:\Windows\System32\cfgmgr32.dll
[1127/111902.509:ERROR:process_memory_win.cc(73)] ReadMemory at 0x7ff90a880000 of 64 bytes failed: Only part of a ReadProcessMemory or WriteProcessMemory request was completed. (0x12B)
[1127/111902.509:WARNING:pe_image_reader.cc(340)] could not read dos header from C:\Windows\SYSTEM32\PROPSYS.dll
[1127/111902.509:ERROR:process_memory_win.cc(73)] ReadMemory at 0x7ff90c980000 of 64 bytes failed: Only part of a ReadProcessMemory or WriteProcessMemory request was completed. (0x12B)
[1127/111902.510:WARNING:pe_image_reader.cc(340)] could not read dos header from C:\Windows\SYSTEM32\SSPICLI.DLL
[1127/111902.510:ERROR:process_memory_win.cc(73)] ReadMemory at 0x7ff90d530000 of 64 bytes failed: Only part of a ReadProcessMemory or WriteProcessMemory request was completed. (0x12B)
[1127/111902.510:WARNING:pe_image_reader.cc(340)] could not read dos header from C:\Windows\System32\windows.storage.dll
[1127/111902.510:ERROR:process_memory_win.cc(73)] ReadMemory at 0x7ff90ca90000 of 64 bytes failed: Only part of a ReadProcessMemory or WriteProcessMemory request was completed. (0x12B)
[1127/111902.510:WARNING:pe_image_reader.cc(340)] could not read dos header from C:\Windows\System32\powrprof.dll
[1127/111902.510:ERROR:process_memory_win.cc(73)] ReadMemory at 0x7ff90cc40000 of 64 bytes failed: Only part of a ReadProcessMemory or WriteProcessMemory request was completed. (0x12B)
[1127/111902.510:WARNING:pe_image_reader.cc(340)] could not read dos header from C:\Windows\System32\gdi32full.dll
[1127/111902.510:ERROR:process_memory_win.cc(73)] ReadMemory at 0x7ff90dc80000 of 64 bytes failed: Only part of a ReadProcessMemory or WriteProcessMemory request was completed. (0x12B)
[1127/111902.510:WARNING:pe_image_reader.cc(340)] could not read dos header from C:\Windows\System32\USER32.dll
[1127/111902.510:ERROR:process_memory_win.cc(73)] ReadMemory at 0x7ff90d4c0000 of 64 bytes failed: Only part of a ReadProcessMemory or WriteProcessMemory request was completed. (0x12B)
[1127/111902.510:WARNING:pe_image_reader.cc(340)] could not read dos header from C:\Windows\System32\win32u.dll
[1127/111902.510:ERROR:process_memory_win.cc(73)] ReadMemory at 0x7ff90d510000 of 64 bytes failed: Only part of a ReadProcessMemory or WriteProcessMemory request was completed. (0x12B)
[1127/111902.510:WARNING:pe_image_reader.cc(340)] could not read dos header from C:\Windows\System32\cryptsp.dll
[1127/111902.511:ERROR:process_memory_win.cc(73)] ReadMemory at 0x207f6db0000 of 64 bytes failed: Only part of a ReadProcessMemory or WriteProcessMemory request was completed. (0x12B)
[1127/111902.511:WARNING:pe_image_reader.cc(340)] could not read dos header from C:\Windows\System32\IMM32.DLL
[1127/111902.511:ERROR:process_memory_win.cc(73)] ReadMemory at 0x7ff90c450000 of 64 bytes failed: Only part of a ReadProcessMemory or WriteProcessMemory request was completed. (0x12B)
[1127/111902.511:WARNING:pe_image_reader.cc(340)] could not read dos header from C:\Windows\SYSTEM32\CRYPTBASE.DLL
[1127/111902.532:ERROR:process_memory_win.cc(73)] ReadMemory at 0xd8983df000 of 135168 bytes failed: Only part of a ReadProcessMemory or WriteProcessMemory request was completed. (0x12B)
[1127/111902.533:ERROR:process_memory_win.cc(73)] ReadMemory at 0xd898bfd000 of 12288 bytes failed: Only part of a ReadProcessMemory or WriteProcessMemory request was completed. (0x12B)
[1127/111902.533:ERROR:process_memory_win.cc(73)] ReadMemory at 0xd8993fc000 of 16384 bytes failed: Only part of a ReadProcessMemory or WriteProcessMemory request was completed. (0x12B)
[1127/111902.533:ERROR:process_memory_win.cc(73)] ReadMemory at 0xd899bfc000 of 16384 bytes failed: Only part of a ReadProcessMemory or WriteProcessMemory request was completed. (0x12B)
[1127/111902.533:ERROR:process_memory_win.cc(73)] ReadMemory at 0xd89a3fc000 of 16384 bytes failed: Only part of a ReadProcessMemory or WriteProcessMemory request was completed. (0x12B)
[1127/111902.533:ERROR:process_memory_win.cc(73)] ReadMemory at 0xd89abff000 of 4096 bytes failed: Only part of a ReadProcessMemory or WriteProcessMemory request was completed. (0x12B)
[1127/111902.534:ERROR:process_memory_win.cc(73)] ReadMemory at 0xd89b3fd000 of 12288 bytes failed: Only part of a ReadProcessMemory or WriteProcessMemory request was completed. (0x12B)
[1127/111902.534:ERROR:process_memory_win.cc(73)] ReadMemory at 0xd89bbfb000 of 20480 bytes failed: Only part of a ReadProcessMemory or WriteProcessMemory request was completed. (0x12B)
[1127/111902.534:ERROR:process_memory_win.cc(73)] ReadMemory at 0xd89c3fd000 of 12288 bytes failed: Only part of a ReadProcessMemory or WriteProcessMemory request was completed. (0x12B)
[1127/111902.534:ERROR:process_memory_win.cc(73)] ReadMemory at 0xd89cbfa000 of 24576 bytes failed: Only part of a ReadProcessMemory or WriteProcessMemory request was completed. (0x12B)
[1127/111902.534:ERROR:process_memory_win.cc(73)] ReadMemory at 0xd89d3fa000 of 24576 bytes failed: Only part of a ReadProcessMemory or WriteProcessMemory request was completed. (0x12B)
[1127/111902.534:ERROR:process_memory_win.cc(73)] ReadMemory at 0xd89dbfc000 of 16384 bytes failed: Only part of a ReadProcessMemory or WriteProcessMemory request was completed. (0x12B)
[1127/111902.535:ERROR:process_memory_win.cc(73)] ReadMemory at 0xd89e3fc000 of 16384 bytes failed: Only part of a ReadProcessMemory or WriteProcessMemory request was completed. (0x12B)
[1127/111902.535:ERROR:process_memory_win.cc(73)] ReadMemory at 0xd89ebfc000 of 16384 bytes failed: Only part of a ReadProcessMemory or WriteProcessMemory request was completed. (0x12B)
[1127/111902.535:ERROR:process_memory_win.cc(73)] ReadMemory at 0xd897a00000 of 6024 bytes failed: Only part of a ReadProcessMemory or WriteProcessMemory request was completed. (0x12B)
[1127/111902.535:ERROR:process_memory_win.cc(73)] ReadMemory at 0xd897a02000 of 6024 bytes failed: Only part of a ReadProcessMemory or WriteProcessMemory request was completed. (0x12B)
[1127/111902.535:ERROR:process_memory_win.cc(73)] ReadMemory at 0xd897a04000 of 6024 bytes failed: Only part of a ReadProcessMemory or WriteProcessMemory request was completed. (0x12B)
[1127/111902.535:ERROR:process_memory_win.cc(73)] ReadMemory at 0xd897a06000 of 6024 bytes failed: Only part of a ReadProcessMemory or WriteProcessMemory request was completed. (0x12B)
[1127/111902.535:ERROR:process_memory_win.cc(73)] ReadMemory at 0xd897a08000 of 6024 bytes failed: Only part of a ReadProcessMemory or WriteProcessMemory request was completed. (0x12B)
[1127/111902.536:ERROR:process_memory_win.cc(73)] ReadMemory at 0xd897a0a000 of 6024 bytes failed: Only part of a ReadProcessMemory or WriteProcessMemory request was completed. (0x12B)
[1127/111902.536:ERROR:process_memory_win.cc(73)] ReadMemory at 0xd897a0c000 of 6024 bytes failed: Only part of a ReadProcessMemory or WriteProcessMemory request was completed. (0x12B)
[1127/111902.536:ERROR:process_memory_win.cc(73)] ReadMemory at 0xd897a0e000 of 6024 bytes failed: Only part of a ReadProcessMemory or WriteProcessMemory request was completed. (0x12B)
[1127/111902.536:ERROR:process_memory_win.cc(73)] ReadMemory at 0xd897bf2000 of 852 bytes failed: Only part of a ReadProcessMemory or WriteProcessMemory request was completed. (0x12B)
[1127/111902.536:ERROR:process_memory_win.cc(73)] ReadMemory at 0xd897bf3000 of 6024 bytes failed: Only part of a ReadProcessMemory or WriteProcessMemory request was completed. (0x12B)
[1127/111902.536:ERROR:process_memory_win.cc(73)] ReadMemory at 0xd897bf5000 of 6024 bytes failed: Only part of a ReadProcessMemory or WriteProcessMemory request was completed. (0x12B)
[1127/111902.536:ERROR:process_memory_win.cc(73)] ReadMemory at 0xd897bf7000 of 6024 bytes failed: Only part of a ReadProcessMemory or WriteProcessMemory request was completed. (0x12B)
[1127/111902.536:ERROR:process_memory_win.cc(73)] ReadMemory at 0xd897bf9000 of 6024 bytes failed: Only part of a ReadProcessMemory or WriteProcessMemory request was completed. (0x12B)
[1127/111902.536:ERROR:process_memory_win.cc(73)] ReadMemory at 0xd897bfb000 of 6024 bytes failed: Only part of a ReadProcessMemory or WriteProcessMemory request was completed. (0x12B)
[1127/111902.537:ERROR:process_memory_win.cc(73)] ReadMemory at 0xd897bfd000 of 6024 bytes failed: Only part of a ReadProcessMemory or WriteProcessMemory request was completed. (0x12B)
[1127/111902.537:ERROR:process_memory_win.cc(73)] ReadMemory at 0x207f6a00fe0 of 4012 bytes failed: Only part of a ReadProcessMemory or WriteProcessMemory request was completed. (0x12B)
[1127/111902.537:ERROR:process_memory_win.cc(73)] ReadMemory at 0x207f6a01fa0 of 1012 bytes failed: Only part of a ReadProcessMemory or WriteProcessMemory request was completed. (0x12B)
[1127/111902.537:ERROR:process_memory_win.cc(73)] ReadMemory at 0x207f6a025c8 of 118 bytes failed: Only part of a ReadProcessMemory or WriteProcessMemory request was completed. (0x12B)
[1127/111902.537:ERROR:process_memory_win.cc(73)] ReadMemory at 0x207f6a02640 of 1366 bytes failed: Only part of a ReadProcessMemory or WriteProcessMemory request was completed. (0x12B)
[1127/111902.537:ERROR:process_memory_win.cc(73)] ReadMemory at 0x207f6a02b98 of 118 bytes failed: Only part of a ReadProcessMemory or WriteProcessMemory request was completed. (0x12B)
[1127/111902.537:ERROR:process_memory_win.cc(73)] ReadMemory at 0x207f6a02c10 of 100 bytes failed: Only part of a ReadProcessMemory or WriteProcessMemory request was completed. (0x12B)
[1127/111902.537:ERROR:process_memory_win.cc(73)] ReadMemory at 0x207f6a02c80 of 58 bytes failed: Only part of a ReadProcessMemory or WriteProcessMemory request was completed. (0x12B)
[1127/111902.537:ERROR:process_memory_win.cc(73)] ReadMemory at 0x207f6a02d80 of 132 bytes failed: Only part of a ReadProcessMemory or WriteProcessMemory request was completed. (0x12B)
[1127/111902.537:ERROR:process_memory_win.cc(73)] ReadMemory at 0x207f6a02f10 of 132 bytes failed: Only part of a ReadProcessMemory or WriteProcessMemory request was completed. (0x12B)
[1127/111902.537:ERROR:process_memory_win.cc(73)] ReadMemory at 0x207f6a030d0 of 126 bytes failed: Only part of a ReadProcessMemory or WriteProcessMemory request was completed. (0x12B)
[1127/111902.537:ERROR:process_memory_win.cc(73)] ReadMemory at 0x207f6a034b0 of 132 bytes failed: Only part of a ReadProcessMemory or WriteProcessMemory request was completed. (0x12B)
[1127/111902.538:ERROR:process_memory_win.cc(73)] ReadMemory at 0x207f6a03640 of 64 bytes failed: Only part of a ReadProcessMemory or WriteProcessMemory request was completed. (0x12B)
[1127/111902.538:ERROR:process_memory_win.cc(73)] ReadMemory at 0x207f6a03800 of 132 bytes failed: Only part of a ReadProcessMemory or WriteProcessMemory request was completed. (0x12B)
[1127/111902.538:ERROR:process_memory_win.cc(73)] ReadMemory at 0x207f6a03aa0 of 132 bytes failed: Only part of a ReadProcessMemory or WriteProcessMemory request was completed. (0x12B)
[1127/111902.538:ERROR:process_memory_win.cc(73)] ReadMemory at 0x207f6a03c30 of 68 bytes failed: Only part of a ReadProcessMemory or WriteProcessMemory request was completed. (0x12B)
[1127/111902.538:ERROR:process_memory_win.cc(73)] ReadMemory at 0x207f6a04c50 of 158 bytes failed: Only part of a ReadProcessMemory or WriteProcessMemory request was completed. (0x12B)
[1127/111902.538:ERROR:process_memory_win.cc(73)] ReadMemory at 0x207f6a04d30 of 132 bytes failed: Only part of a ReadProcessMemory or WriteProcessMemory request was completed. (0x12B)
[1127/111902.538:ERROR:process_memory_win.cc(73)] ReadMemory at 0x207f6a04ec0 of 154 bytes failed: Only part of a ReadProcessMemory or WriteProcessMemory request was completed. (0x12B)
[1127/111902.538:ERROR:process_memory_win.cc(73)] ReadMemory at 0x207f6a05ca0 of 62 bytes failed: Only part of a ReadProcessMemory or WriteProcessMemory request was completed. (0x12B)
[1127/111902.538:ERROR:process_memory_win.cc(73)] ReadMemory at 0x207f6a05cf0 of 132 bytes failed: Only part of a ReadProcessMemory or WriteProcessMemory request was completed. (0x12B)
[1127/111902.538:ERROR:process_memory_win.cc(73)] ReadMemory at 0x207f6a05e90 of 132 bytes failed: Only part of a ReadProcessMemory or WriteProcessMemory request was completed. (0x12B)
[1127/111902.538:ERROR:process_memory_win.cc(73)] ReadMemory at 0x207f6a064d0 of 60 bytes failed: Only part of a ReadProcessMemory or WriteProcessMemory request was completed. (0x12B)
[1127/111902.538:ERROR:process_memory_win.cc(73)] ReadMemory at 0x207f6a0a550 of 132 bytes failed: Only part of a ReadProcessMemory or WriteProcessMemory request was completed. (0x12B)
[1127/111902.538:ERROR:process_memory_win.cc(73)] ReadMemory at 0x207f6a0a680 of 132 bytes failed: Only part of a ReadProcessMemory or WriteProcessMemory request was completed. (0x12B)
[1127/111902.538:ERROR:process_memory_win.cc(73)] ReadMemory at 0x207f6a0a810 of 80 bytes failed: Only part of a ReadProcessMemory or WriteProcessMemory request was completed. (0x12B)
[1127/111902.539:ERROR:process_memory_win.cc(73)] ReadMemory at 0x207f6a0aa00 of 64 bytes failed: Only part of a ReadProcessMemory or WriteProcessMemory request was completed. (0x12B)
[1127/111902.539:ERROR:process_memory_win.cc(73)] ReadMemory at 0x207f6a0aaf0 of 64 bytes failed: Only part of a ReadProcessMemory or WriteProcessMemory request was completed. (0x12B)
[1127/111902.539:ERROR:process_memory_win.cc(73)] ReadMemory at 0x207f6a0ac80 of 62 bytes failed: Only part of a ReadProcessMemory or WriteProcessMemory request was completed. (0x12B)
[1127/111902.539:ERROR:process_memory_win.cc(73)] ReadMemory at 0x207f6a0acd0 of 60 bytes failed: Only part of a ReadProcessMemory or WriteProcessMemory request was completed. (0x12B)
[1127/111902.539:ERROR:process_memory_win.cc(73)] ReadMemory at 0x207f6a0adc0 of 64 bytes failed: Only part of a ReadProcessMemory or WriteProcessMemory request was completed. (0x12B)
[1127/111902.539:ERROR:process_memory_win.cc(73)] ReadMemory at 0x207f6a0ae60 of 66 bytes failed: Only part of a ReadProcessMemory or WriteProcessMemory request was completed. (0x12B)
[1127/111902.539:ERROR:process_memory_win.cc(73)] ReadMemory at 0x207f6a0aeb0 of 64 bytes failed: Only part of a ReadProcessMemory or WriteProcessMemory request was completed. (0x12B)
[1127/111902.539:ERROR:process_memory_win.cc(73)] ReadMemory at 0x207f6a0afa0 of 60 bytes failed: Only part of a ReadProcessMemory or WriteProcessMemory request was completed. (0x12B)
[1127/111902.539:ERROR:process_memory_win.cc(73)] ReadMemory at 0x207f6a0b040 of 62 bytes failed: Only part of a ReadProcessMemory or WriteProcessMemory request was completed. (0x12B)
[1127/111902.539:ERROR:process_memory_win.cc(73)] ReadMemory at 0x207f6a0b5c0 of 132 bytes failed: Only part of a ReadProcessMemory or WriteProcessMemory request was completed. (0x12B)
[1127/111902.539:ERROR:process_memory_win.cc(73)] ReadMemory at 0x207f6a0b820 of 132 bytes failed: Only part of a ReadProcessMemory or WriteProcessMemory request was completed. (0x12B)
[1127/111902.540:ERROR:process_memory_win.cc(73)] ReadMemory at 0x207f6a0b950 of 132 bytes failed: Only part of a ReadProcessMemory or WriteProcessMemory request was completed. (0x12B)
[1127/111902.540:ERROR:process_memory_win.cc(73)] ReadMemory at 0x207f6a0ba80 of 132 bytes failed: Only part of a ReadProcessMemory or WriteProcessMemory request was completed. (0x12B)
[1127/111902.540:ERROR:process_memory_win.cc(73)] ReadMemory at 0x207f6a0bbb0 of 132 bytes failed: Only part of a ReadProcessMemory or WriteProcessMemory request was completed. (0x12B)
[1127/111902.540:ERROR:process_memory_win.cc(73)] ReadMemory at 0x207f6a0bce0 of 132 bytes failed: Only part of a ReadProcessMemory or WriteProcessMemory request was completed. (0x12B)
[1127/111902.540:ERROR:process_memory_win.cc(73)] ReadMemory at 0x207f6a0be10 of 132 bytes failed: Only part of a ReadProcessMemory or WriteProcessMemory request was completed. (0x12B)
[1127/111902.540:ERROR:process_memory_win.cc(73)] ReadMemory at 0x207f6a0bf40 of 132 bytes failed: Only part of a ReadProcessMemory or WriteProcessMemory request was completed. (0x12B)
[1127/111902.540:ERROR:process_memory_win.cc(73)] ReadMemory at 0x207f6a0c070 of 132 bytes failed: Only part of a ReadProcessMemory or WriteProcessMemory request was completed. (0x12B)
[1127/111902.540:ERROR:process_memory_win.cc(73)] ReadMemory at 0x207f6a0c1a0 of 132 bytes failed: Only part of a ReadProcessMemory or WriteProcessMemory request was completed. (0x12B)
[1127/111902.540:ERROR:process_memory_win.cc(73)] ReadMemory at 0x207f6a0c2d0 of 132 bytes failed: Only part of a ReadProcessMemory or WriteProcessMemory request was completed. (0x12B)
[1127/111902.540:ERROR:process_memory_win.cc(73)] ReadMemory at 0x207f6a0c400 of 132 bytes failed: Only part of a ReadProcessMemory or WriteProcessMemory request was completed. (0x12B)
[1127/111902.540:ERROR:process_memory_win.cc(73)] ReadMemory at 0x207f6a0eb00 of 132 bytes failed: Only part of a ReadProcessMemory or WriteProcessMemory request was completed. (0x12B)
[1127/111902.540:ERROR:process_memory_win.cc(73)] ReadMemory at 0x207f6a0ed10 of 132 bytes failed: Only part of a ReadProcessMemory or WriteProcessMemory request was completed. (0x12B)
[1127/111902.540:ERROR:process_memory_win.cc(73)] ReadMemory at 0x207f6a0eff0 of 132 bytes failed: Only part of a ReadProcessMemory or WriteProcessMemory request was completed. (0x12B)
[1127/111902.540:ERROR:process_memory_win.cc(73)] ReadMemory at 0x207f6a0fbb0 of 132 bytes failed: Only part of a ReadProcessMemory or WriteProcessMemory request was completed. (0x12B)
[1127/111902.541:ERROR:process_memory_win.cc(73)] ReadMemory at 0x207f6a11ff0 of 132 bytes failed: Only part of a ReadProcessMemory or WriteProcessMemory request was completed. (0x12B)
[1127/111902.541:ERROR:process_memory_win.cc(73)] ReadMemory at 0x207f6a13cb0 of 54 bytes failed: Only part of a ReadProcessMemory or WriteProcessMemory request was completed. (0x12B)
[1127/111902.541:ERROR:process_memory_win.cc(73)] ReadMemory at 0x207f6a14ce0 of 132 bytes failed: Only part of a ReadProcessMemory or WriteProcessMemory request was completed. (0x12B)
[1127/111902.541:ERROR:process_memory_win.cc(73)] ReadMemory at 0x207f6a14e10 of 132 bytes failed: Only part of a ReadProcessMemory or WriteProcessMemory request was completed. (0x12B)
[1127/111902.541:ERROR:process_memory_win.cc(73)] ReadMemory at 0x207f6a15710 of 78 bytes failed: Only part of a ReadProcessMemory or WriteProcessMemory request was completed. (0x12B)
[1127/111902.541:ERROR:process_memory_win.cc(73)] ReadMemory at 0x207f6a15b90 of 76 bytes failed: Only part of a ReadProcessMemory or WriteProcessMemory request was completed. (0x12B)
[1127/111902.541:ERROR:process_memory_win.cc(73)] ReadMemory at 0x207f6a15ff0 of 64 bytes failed: Only part of a ReadProcessMemory or WriteProcessMemory request was completed. (0x12B)
[1127/111902.541:ERROR:process_memory_win.cc(73)] ReadMemory at 0x207f6a16090 of 62 bytes failed: Only part of a ReadProcessMemory or WriteProcessMemory request was completed. (0x12B)
[1127/111902.541:ERROR:process_memory_win.cc(73)] ReadMemory at 0x207f6a160e0 of 60 bytes failed: Only part of a ReadProcessMemory or WriteProcessMemory request was completed. (0x12B)
[1127/111902.541:ERROR:process_memory_win.cc(73)] ReadMemory at 0x207f6a16130 of 66 bytes failed: Only part of a ReadProcessMemory or WriteProcessMemory request was completed. (0x12B)
[1127/111902.541:ERROR:process_memory_win.cc(73)] ReadMemory at 0x207f6a16180 of 64 bytes failed: Only part of a ReadProcessMemory or WriteProcessMemory request was completed. (0x12B)
[1127/111902.541:ERROR:process_memory_win.cc(73)] ReadMemory at 0x207f6a161d0 of 62 bytes failed: Only part of a ReadProcessMemory or WriteProcessMemory request was completed. (0x12B)
[1127/111902.541:ERROR:process_memory_win.cc(73)] ReadMemory at 0x207f6a16220 of 62 bytes failed: Only part of a ReadProcessMemory or WriteProcessMemory request was completed. (0x12B)
[1127/111902.541:ERROR:process_memory_win.cc(73)] ReadMemory at 0x207f6a16270 of 60 bytes failed: Only part of a ReadProcessMemory or WriteProcessMemory request was completed. (0x12B)
[1127/111902.542:ERROR:process_memory_win.cc(73)] ReadMemory at 0x207f6a16360 of 62 bytes failed: Only part of a ReadProcessMemory or WriteProcessMemory request was completed. (0x12B)
[1127/111902.542:ERROR:process_memory_win.cc(73)] ReadMemory at 0x207f6a16540 of 62 bytes failed: Only part of a ReadProcessMemory or WriteProcessMemory request was completed. (0x12B)
[1127/111902.542:ERROR:process_memory_win.cc(73)] ReadMemory at 0x207f6a16770 of 64 bytes failed: Only part of a ReadProcessMemory or WriteProcessMemory request was completed. (0x12B)
[1127/111902.542:ERROR:process_memory_win.cc(73)] ReadMemory at 0x207f6a16810 of 60 bytes failed: Only part of a ReadProcessMemory or WriteProcessMemory request was completed. (0x12B)
[1127/111902.542:ERROR:process_memory_win.cc(73)] ReadMemory at 0x207f6a16860 of 60 bytes failed: Only part of a ReadProcessMemory or WriteProcessMemory request was completed. (0x12B)
[1127/111902.542:ERROR:process_memory_win.cc(73)] ReadMemory at 0x207f6a169f0 of 58 bytes failed: Only part of a ReadProcessMemory or WriteProcessMemory request was completed. (0x12B)
[1127/111902.542:ERROR:process_memory_win.cc(73)] ReadMemory at 0x207f6a16a40 of 62 bytes failed: Only part of a ReadProcessMemory or WriteProcessMemory request was completed. (0x12B)
[1127/111902.542:ERROR:process_memory_win.cc(73)] ReadMemory at 0x207f6a16b80 of 64 bytes failed: Only part of a ReadProcessMemory or WriteProcessMemory request was completed. (0x12B)
[1127/111902.542:ERROR:process_memory_win.cc(73)] ReadMemory at 0x207f6a16c20 of 62 bytes failed: Only part of a ReadProcessMemory or WriteProcessMemory request was completed. (0x12B)
[1127/111902.542:ERROR:process_memory_win.cc(73)] ReadMemory at 0x207f6a16e00 of 62 bytes failed: Only part of a ReadProcessMemory or WriteProcessMemory request was completed. (0x12B)
[1127/111902.542:ERROR:process_memory_win.cc(73)] ReadMemory at 0x207f6a179b0 of 132 bytes failed: Only part of a ReadProcessMemory or WriteProcessMemory request was completed. (0x12B)
[1127/111902.542:ERROR:process_memory_win.cc(73)] ReadMemory at 0x207f6a17ae0 of 132 bytes failed: Only part of a ReadProcessMemory or WriteProcessMemory request was completed. (0x12B)
[1127/111902.542:ERROR:process_memory_win.cc(73)] ReadMemory at 0x207f6a17c10 of 132 bytes failed: Only part of a ReadProcessMemory or WriteProcessMemory request was completed. (0x12B)
[1127/111902.542:ERROR:process_memory_win.cc(73)] ReadMemory at 0x207f6a17d40 of 132 bytes failed: Only part of a ReadProcessMemory or WriteProcessMemory request was completed. (0x12B)
[1127/111902.542:ERROR:process_memory_win.cc(73)] ReadMemory at 0x207f6a17fa0 of 132 bytes failed: Only part of a ReadProcessMemory or WriteProcessMemory request was completed. (0x12B)
[1127/111902.543:ERROR:process_memory_win.cc(73)] ReadMemory at 0x207f6a180d0 of 132 bytes failed: Only part of a ReadProcessMemory or WriteProcessMemory request was completed. (0x12B)
[1127/111902.543:ERROR:process_memory_win.cc(73)] ReadMemory at 0x207f6a18200 of 132 bytes failed: Only part of a ReadProcessMemory or WriteProcessMemory request was completed. (0x12B)
[1127/111902.543:ERROR:process_memory_win.cc(73)] ReadMemory at 0x207f6a18330 of 132 bytes failed: Only part of a ReadProcessMemory or WriteProcessMemory request was completed. (0x12B)
[1127/111902.543:ERROR:process_memory_win.cc(73)] ReadMemory at 0x207f6a18460 of 132 bytes failed: Only part of a ReadProcessMemory or WriteProcessMemory request was completed. (0x12B)
[1127/111902.543:ERROR:process_memory_win.cc(73)] ReadMemory at 0x207f6a18590 of 132 bytes failed: Only part of a ReadProcessMemory or WriteProcessMemory request was completed. (0x12B)
[1127/111902.543:ERROR:process_memory_win.cc(73)] ReadMemory at 0x207f6a186c0 of 132 bytes failed: Only part of a ReadProcessMemory or WriteProcessMemory request was completed. (0x12B)
[1127/111902.543:ERROR:process_memory_win.cc(73)] ReadMemory at 0x207f6a187f0 of 132 bytes failed: Only part of a ReadProcessMemory or WriteProcessMemory request was completed. (0x12B)
[1127/111902.543:ERROR:process_memory_win.cc(73)] ReadMemory at 0x207f6a18920 of 132 bytes failed: Only part of a ReadProcessMemory or WriteProcessMemory request was completed. (0x12B)
[1127/111902.543:ERROR:process_memory_win.cc(73)] ReadMemory at 0x207f6a18a50 of 132 bytes failed: Only part of a ReadProcessMemory or WriteProcessMemory request was completed. (0x12B)
[1127/111902.543:ERROR:process_memory_win.cc(73)] ReadMemory at 0x207f6a18b80 of 132 bytes failed: Only part of a ReadProcessMemory or WriteProcessMemory request was completed. (0x12B)
[1127/111902.543:ERROR:process_memory_win.cc(73)] ReadMemory at 0x207f6a18cb0 of 132 bytes failed: Only part of a ReadProcessMemory or WriteProcessMemory request was completed. (0x12B)
[1127/111902.543:ERROR:process_memory_win.cc(73)] ReadMemory at 0x207f6a18de0 of 132 bytes failed: Only part of a ReadProcessMemory or WriteProcessMemory request was completed. (0x12B)
[1127/111902.543:ERROR:process_memory_win.cc(73)] ReadMemory at 0x207f6a19170 of 132 bytes failed: Only part of a ReadProcessMemory or WriteProcessMemory request was completed. (0x12B)
[1127/111902.543:ERROR:process_memory_win.cc(73)] ReadMemory at 0x207f6a19500 of 132 bytes failed: Only part of a ReadProcessMemory or WriteProcessMemory request was completed. (0x12B)
[1127/111902.544:ERROR:process_memory_win.cc(73)] ReadMemory at 0x207f6a235f0 of 62 bytes failed: Only part of a ReadProcessMemory or WriteProcessMemory request was completed. (0x12B)
[1127/111902.544:ERROR:process_memory_win.cc(73)] ReadMemory at 0x207f6a23730 of 60 bytes failed: Only part of a ReadProcessMemory or WriteProcessMemory request was completed. (0x12B)
[1127/111902.544:ERROR:process_memory_win.cc(73)] ReadMemory at 0x207f6a23870 of 62 bytes failed: Only part of a ReadProcessMemory or WriteProcessMemory request was completed. (0x12B)
[1127/111902.544:ERROR:process_memory_win.cc(73)] ReadMemory at 0x207f6a238c0 of 60 bytes failed: Only part of a ReadProcessMemory or WriteProcessMemory request was completed. (0x12B)
[1127/111902.544:ERROR:process_memory_win.cc(73)] ReadMemory at 0x207f6a23910 of 64 bytes failed: Only part of a ReadProcessMemory or WriteProcessMemory request was completed. (0x12B)
[1127/111902.544:ERROR:process_memory_win.cc(73)] ReadMemory at 0x207f6a23960 of 66 bytes failed: Only part of a ReadProcessMemory or WriteProcessMemory request was completed. (0x12B)
[1127/111902.544:ERROR:process_memory_win.cc(73)] ReadMemory at 0x207f6a23c30 of 58 bytes failed: Only part of a ReadProcessMemory or WriteProcessMemory request was completed. (0x12B)
[1127/111902.544:ERROR:process_memory_win.cc(73)] ReadMemory at 0x207f6a24130 of 58 bytes failed: Only part of a ReadProcessMemory or WriteProcessMemory request was completed. (0x12B)
[1127/111902.544:ERROR:process_memory_win.cc(73)] ReadMemory at 0x207f6a243b0 of 62 bytes failed: Only part of a ReadProcessMemory or WriteProcessMemory request was completed. (0x12B)
[1127/111902.544:ERROR:process_memory_win.cc(73)] ReadMemory at 0x207f6a383d0 of 512 bytes failed: Only part of a ReadProcessMemory or WriteProcessMemory request was completed. (0x12B)
[1127/111902.544:ERROR:process_memory_win.cc(73)] ReadMemory at 0x207f6a389d0 of 512 bytes failed: Only part of a ReadProcessMemory or WriteProcessMemory request was completed. (0x12B)
[1127/111902.544:ERROR:process_memory_win.cc(73)] ReadMemory at 0x207f6b50dc0 of 512 bytes failed: Only part of a ReadProcessMemory or WriteProcessMemory request was completed. (0x12B)
[1127/111902.544:ERROR:process_memory_win.cc(73)] ReadMemory at 0x207f6c16560 of 512 bytes failed: Only part of a ReadProcessMemory or WriteProcessMemory request was completed. (0x12B)
[1127/111902.544:ERROR:process_memory_win.cc(73)] ReadMemory at 0x207f6c19220 of 512 bytes failed: Only part of a ReadProcessMemory or WriteProcessMemory request was completed. (0x12B)
[1127/111902.545:ERROR:process_memory_win.cc(73)] ReadMemory at 0x207f6c19520 of 512 bytes failed: Only part of a ReadProcessMemory or WriteProcessMemory request was completed. (0x12B)
[1127/111902.545:ERROR:process_memory_win.cc(73)] ReadMemory at 0x207f6c27cc0 of 512 bytes failed: Only part of a ReadProcessMemory or WriteProcessMemory request was completed. (0x12B)
[1127/111902.545:ERROR:process_memory_win.cc(73)] ReadMemory at 0x207f6c33c70 of 712 bytes failed: Only part of a ReadProcessMemory or WriteProcessMemory request was completed. (0x12B)
[1127/111902.545:ERROR:process_memory_win.cc(73)] ReadMemory at 0x207f6c49978 of 512 bytes failed: Only part of a ReadProcessMemory or WriteProcessMemory request was completed. (0x12B)
[1127/111902.545:ERROR:process_memory_win.cc(73)] ReadMemory at 0x207f6c4a278 of 512 bytes failed: Only part of a ReadProcessMemory or WriteProcessMemory request was completed. (0x12B)
[1127/111902.545:ERROR:process_memory_win.cc(73)] ReadMemory at 0x207f6c4a548 of 512 bytes failed: Only part of a ReadProcessMemory or WriteProcessMemory request was completed. (0x12B)
[1127/111902.545:ERROR:process_memory_win.cc(73)] ReadMemory at 0x207f8e56100 of 512 bytes failed: Only part of a ReadProcessMemory or WriteProcessMemory request was completed. (0x12B)
[1127/111902.545:ERROR:process_memory_win.cc(73)] ReadMemory at 0x207f8e57850 of 512 bytes failed: Only part of a ReadProcessMemory or WriteProcessMemory request was completed. (0x12B)
[1127/111902.545:ERROR:process_memory_win.cc(73)] ReadMemory at 0x207f936a520 of 512 bytes failed: Only part of a ReadProcessMemory or WriteProcessMemory request was completed. (0x12B)
[1127/111902.545:ERROR:process_memory_win.cc(73)] ReadMemory at 0x207f9be5e90 of 520 bytes failed: Only part of a ReadProcessMemory or WriteProcessMemory request was completed. (0x12B)
[1127/111902.545:ERROR:process_memory_win.cc(73)] ReadMemory at 0x207f9bf7158 of 512 bytes failed: Only part of a ReadProcessMemory or WriteProcessMemory request was completed. (0x12B)
[1127/111902.545:ERROR:process_memory_win.cc(73)] ReadMemory at 0x6833560cdf38 of 512 bytes failed: Only part of a ReadProcessMemory or WriteProcessMemory request was completed. (0x12B)
[1127/111902.545:ERROR:process_memory_win.cc(73)] ReadMemory at 0x7ff8dddfc62c of 512 bytes failed: Only part of a ReadProcessMemory or WriteProcessMemory request was completed. (0x12B)
[1127/111902.545:ERROR:process_memory_win.cc(73)] ReadMemory at 0x7ff8e079fb20 of 512 bytes failed: Only part of a ReadProcessMemory or WriteProcessMemory request was completed. (0x12B)
[1127/111902.546:ERROR:process_memory_win.cc(73)] ReadMemory at 0x7ff8e0d126b8 of 512 bytes failed: Only part of a ReadProcessMemory or WriteProcessMemory request was completed. (0x12B)
[1127/111902.546:ERROR:process_memory_win.cc(73)] ReadMemory at 0x7ff8e1487418 of 512 bytes failed: Only part of a ReadProcessMemory or WriteProcessMemory request was completed. (0x12B)
[1127/111902.546:ERROR:process_memory_win.cc(73)] ReadMemory at 0x7ff90cf45219 of 512 bytes failed: Only part of a ReadProcessMemory or WriteProcessMemory request was completed. (0x12B)
[1127/111902.546:ERROR:process_memory_win.cc(73)] ReadMemory at 0x7ff910aee594 of 672 bytes failed: Only part of a ReadProcessMemory or WriteProcessMemory request was completed. (0x12B)
[1127/111902.546:ERROR:process_memory_win.cc(73)] ReadMemory at 0x7ff910aeeb94 of 512 bytes failed: Only part of a ReadProcessMemory or WriteProcessMemory request was completed. (0x12B)
[1127/111902.546:ERROR:process_memory_win.cc(73)] ReadMemory at 0x7ff910af1e24 of 608 bytes failed: Only part of a ReadProcessMemory or WriteProcessMemory request was completed. (0x12B)
[1127/111902.546:ERROR:process_memory_win.cc(73)] ReadMemory at 0x7ff910b7c158 of 18 bytes failed: Only part of a ReadProcessMemory or WriteProcessMemory request was completed. (0x12B)
[1127/111902.546:ERROR:process_memory_win.cc(73)] ReadMemory at 0x7ff910baf4f8 of 40 bytes failed: Only part of a ReadProcessMemory or WriteProcessMemory request was completed. (0x12B)
[1127/111902.546:ERROR:process_memory_win.cc(73)] ReadMemory at 0x7ff910baf978 of 48 bytes failed: Only part of a ReadProcessMemory or WriteProcessMemory request was completed. (0x12B)
[1127/111902.546:ERROR:process_memory_win.cc(73)] ReadMemory at 0x7ff910bb53c0 of 64 bytes failed: Only part of a ReadProcessMemory or WriteProcessMemory request was completed. (0x12B)
[1127/111902.548:ERROR:file_io_win.cc(161)] CreateFile C:\Users\TYSS\AppData\Local\Temp\scoped_dir10968_1310656228\Crashpad\settings.dat: The system cannot find the file specified. (0x2)
[1127/111902.548:ERROR:scoped_process_suspend.cc(40)] NtResumeProcess: An attempt was made to access an exiting process. (0xc000010a)
